<?xml version="1.0" encoding="UTF-8"?>
<!-- Generated by org.testng.reporters.JUnitXMLReporter -->
<testsuite ignored="0" hostname="DESKTOP-D3R7Q13" failures="2" tests="2" name="RegressionTest" time="39.463" errors="0" timestamp="2023-04-06T23:55:31 IST">
  <testcase classname="com.opencart.testLayer.RegisterPageTest" name="validateRegisterPager" time="19.144">
    <failure type="org.junit.ComparisonFailure" message="expected:&amp;lt;[Register Account]&amp;gt; but was:&amp;lt;[Your Account Has Been Created!]&amp;gt;">
      <![CDATA[org.junit.ComparisonFailure: expected:<[Register Account]> but was:<[Your Account Has Been Created!]>
at org.junit.Assert.assertEquals(Assert.java:115)
at org.junit.Assert.assertEquals(Assert.java:144)
at com.opencart.testLayer.RegisterPageTest.validateRegisterPager(RegisterPageTest.java:38)
at java.base/java.util.ArrayList.forEach(ArrayList.java:1511)
... Removed 25 stack frames]]>
    </failure>
  </testcase> <!-- validateRegisterPager -->
  <testcase classname="com.opencart.testLayer.RegisterPageTest" name="validateRegisterPager" time="38.167">
    <failure type="java.lang.NullPointerException" message="Cannot invoke &amp;quot;com.opencart.utility.ExcelTestData.writeData(String, int, int, String)&amp;quot; because &amp;quot;this.excel_data&amp;quot; is null">
      <![CDATA[java.lang.NullPointerException: Cannot invoke "com.opencart.utility.ExcelTestData.writeData(String, int, int, String)" because "this.excel_data" is null
at com.opencart.utility.Listner.onTestFailure(Listner.java:28)
at java.base/java.util.ArrayList.forEach(ArrayList.java:1511)
... Removed 24 stack frames]]>
    </failure>
  </testcase> <!-- validateRegisterPager -->
</testsuite> <!-- RegressionTest -->
