<?xml version="1.0" encoding="UTF-8"?>
<testng-results ignored="0" total="1" passed="1" failed="0" skipped="0">
  <reporter-output>
  </reporter-output>
  <suite started-at="2023-08-03T09:37:25 IST" name="Surefire suite" finished-at="2023-08-03T09:39:07 IST" duration-ms="101901">
    <groups>
    </groups>
    <test started-at="2023-08-03T09:37:25 IST" name="Surefire test" finished-at="2023-08-03T09:39:07 IST" duration-ms="101901">
      <class name="com.opencart.testLayer.LoginPageTest">
        <test-method is-config="true" signature="start()[pri:0, instance:com.opencart.testLayer.LoginPageTest@4df828d7]" started-at="2023-08-03T09:37:25 IST" name="start" finished-at="2023-08-03T09:37:25 IST" duration-ms="173" status="PASS">
          <reporter-output>
          </reporter-output>
        </test-method> <!-- start -->
        <test-method is-config="true" signature="setup()[pri:0, instance:com.opencart.testLayer.LoginPageTest@4df828d7]" started-at="2023-08-03T09:37:25 IST" name="setup" finished-at="2023-08-03T09:39:03 IST" duration-ms="98357" status="PASS">
          <reporter-output>
          </reporter-output>
        </test-method> <!-- setup -->
        <test-method signature="validateUserLoginWithValidCradential()[pri:0, instance:com.opencart.testLayer.LoginPageTest@4df828d7]" started-at="2023-08-03T09:39:03 IST" name="validateUserLoginWithValidCradential" finished-at="2023-08-03T09:39:06 IST" duration-ms="2442" status="PASS">
          <reporter-output>
          </reporter-output>
        </test-method> <!-- validateUserLoginWithValidCradential -->
        <test-method is-config="true" signature="tearDown()[pri:0, instance:com.opencart.testLayer.LoginPageTest@4df828d7]" started-at="2023-08-03T09:39:06 IST" name="tearDown" finished-at="2023-08-03T09:39:07 IST" duration-ms="859" status="PASS">
          <reporter-output>
          </reporter-output>
        </test-method> <!-- tearDown -->
        <test-method is-config="true" signature="end()[pri:0, instance:com.opencart.testLayer.LoginPageTest@4df828d7]" started-at="2023-08-03T09:39:07 IST" name="end" finished-at="2023-08-03T09:39:07 IST" duration-ms="6" status="PASS">
          <reporter-output>
          </reporter-output>
        </test-method> <!-- end -->
      </class> <!-- com.opencart.testLayer.LoginPageTest -->
    </test> <!-- Surefire test -->
  </suite> <!-- Surefire suite -->
</testng-results>
