<?xml version="1.0" encoding="UTF-8"?>
<testng-results ignored="0" total="1" passed="1" failed="0" skipped="0">
  <reporter-output>
  </reporter-output>
  <suite started-at="2023-08-03T09:24:32 IST" name="Default suite" finished-at="2023-08-03T09:26:13 IST" duration-ms="101180">
    <groups>
    </groups>
    <test started-at="2023-08-03T09:24:32 IST" name="Default test" finished-at="2023-08-03T09:26:13 IST" duration-ms="101180">
      <class name="com.opencart.testLayer.LoginPageTest">
        <test-method is-config="true" signature="start()[pri:0, instance:com.opencart.testLayer.LoginPageTest@48f2bd5b]" started-at="2023-08-03T09:24:32 IST" name="start" finished-at="2023-08-03T09:24:32 IST" duration-ms="337" status="PASS">
          <reporter-output>
          </reporter-output>
        </test-method> <!-- start -->
        <test-method is-config="true" signature="setup()[pri:0, instance:com.opencart.testLayer.LoginPageTest@48f2bd5b]" started-at="2023-08-03T09:24:32 IST" name="setup" finished-at="2023-08-03T09:26:08 IST" duration-ms="95666" status="PASS">
          <reporter-output>
          </reporter-output>
        </test-method> <!-- setup -->
        <test-method signature="validateUserLoginWithValidCradential()[pri:0, instance:com.opencart.testLayer.LoginPageTest@48f2bd5b]" started-at="2023-08-03T09:26:08 IST" name="validateUserLoginWithValidCradential" finished-at="2023-08-03T09:26:12 IST" duration-ms="4203" status="PASS">
          <reporter-output>
          </reporter-output>
        </test-method> <!-- validateUserLoginWithValidCradential -->
        <test-method is-config="true" signature="tearDown()[pri:0, instance:com.opencart.testLayer.LoginPageTest@48f2bd5b]" started-at="2023-08-03T09:26:12 IST" name="tearDown" finished-at="2023-08-03T09:26:13 IST" duration-ms="863" status="PASS">
          <reporter-output>
          </reporter-output>
        </test-method> <!-- tearDown -->
        <test-method is-config="true" signature="end()[pri:0, instance:com.opencart.testLayer.LoginPageTest@48f2bd5b]" started-at="2023-08-03T09:26:13 IST" name="end" finished-at="2023-08-03T09:26:13 IST" duration-ms="3" status="PASS">
          <reporter-output>
          </reporter-output>
        </test-method> <!-- end -->
      </class> <!-- com.opencart.testLayer.LoginPageTest -->
    </test> <!-- Default test -->
  </suite> <!-- Default suite -->
</testng-results>
